<?xml version="1.0" encoding="UTF-8"?>
<testsuite name="com.jusung.book.springboot.web.IndexControllerTest" tests="1" skipped="0" failures="0" errors="0" timestamp="2022-03-18T04:45:29" hostname="gimjuseong-ui-MacBookAir.local" time="0.415">
  <properties/>
  <testcase name="메인페이지_로딩" classname="com.jusung.book.springboot.web.IndexControllerTest" time="0.415"/>
  <system-out><![CDATA[13:45:21.282 [Test worker] DEBUG org.springframework.test.context.junit4.SpringJUnit4ClassRunner - SpringJUnit4ClassRunner constructor called with [class com.jusung.book.springboot.web.IndexControllerTest]
13:45:21.289 [Test worker] DEBUG org.springframework.test.context.BootstrapUtils - Instantiating CacheAwareContextLoaderDelegate from class [org.springframework.test.context.cache.DefaultCacheAwareContextLoaderDelegate]
13:45:21.300 [Test worker] DEBUG org.springframework.test.context.BootstrapUtils - Instantiating BootstrapContext using constructor [public org.springframework.test.context.support.DefaultBootstrapContext(java.lang.Class,org.springframework.test.context.CacheAwareContextLoaderDelegate)]
13:45:21.328 [Test worker] DEBUG org.springframework.test.context.BootstrapUtils - Instantiating TestContextBootstrapper for test class [com.jusung.book.springboot.web.IndexControllerTest] from class [org.springframework.boot.test.context.SpringBootTestContextBootstrapper]
13:45:21.338 [Test worker] INFO org.springframework.boot.test.context.SpringBootTestContextBootstrapper - Neither @ContextConfiguration nor @ContextHierarchy found for test class [com.jusung.book.springboot.web.IndexControllerTest], using SpringBootContextLoader
13:45:21.341 [Test worker] DEBUG org.springframework.test.context.support.AbstractContextLoader - Did not detect default resource location for test class [com.jusung.book.springboot.web.IndexControllerTest]: class path resource [com/jusung/book/springboot/web/IndexControllerTest-context.xml] does not exist
13:45:21.341 [Test worker] DEBUG org.springframework.test.context.support.AbstractContextLoader - Did not detect default resource location for test class [com.jusung.book.springboot.web.IndexControllerTest]: class path resource [com/jusung/book/springboot/web/IndexControllerTestContext.groovy] does not exist
13:45:21.341 [Test worker] INFO org.springframework.test.context.support.AbstractContextLoader - Could not detect default resource locations for test class [com.jusung.book.springboot.web.IndexControllerTest]: no resource found for suffixes {-context.xml, Context.groovy}.
13:45:21.342 [Test worker] INFO org.springframework.test.context.support.AnnotationConfigContextLoaderUtils - Could not detect default configuration classes for test class [com.jusung.book.springboot.web.IndexControllerTest]: IndexControllerTest does not declare any static, non-private, non-final, nested classes annotated with @Configuration.
13:45:21.405 [Test worker] DEBUG org.springframework.test.context.support.ActiveProfilesUtils - Could not find an 'annotation declaring class' for annotation type [org.springframework.test.context.ActiveProfiles] and class [com.jusung.book.springboot.web.IndexControllerTest]
13:45:21.562 [Test worker] DEBUG org.springframework.context.annotation.ClassPathScanningCandidateComponentProvider - Identified candidate component class: file [/Users/kjs/Desktop/springboot-webservice/build/classes/java/main/com/jusung/book/springboot/Application.class]
13:45:21.566 [Test worker] INFO org.springframework.boot.test.context.SpringBootTestContextBootstrapper - Found @SpringBootConfiguration com.jusung.book.springboot.Application for test class com.jusung.book.springboot.web.IndexControllerTest
13:45:21.662 [Test worker] DEBUG org.springframework.boot.test.context.SpringBootTestContextBootstrapper - @TestExecutionListeners is not present for class [com.jusung.book.springboot.web.IndexControllerTest]: using defaults.
13:45:21.665 [Test worker] INFO org.springframework.boot.test.context.SpringBootTestContextBootstrapper - Loaded default TestExecutionListener class names from location [META-INF/spring.factories]: [org.springframework.boot.test.autoconfigure.restdocs.RestDocsTestExecutionListener, org.springframework.boot.test.autoconfigure.web.client.MockRestServiceServerResetTestExecutionListener, org.springframework.boot.test.autoconfigure.web.servlet.MockMvcPrintOnlyOnFailureTestExecutionListener, org.springframework.boot.test.autoconfigure.web.servlet.WebDriverTestExecutionListener, org.springframework.boot.test.mock.mockito.MockitoTestExecutionListener, org.springframework.boot.test.mock.mockito.ResetMocksTestExecutionListener, org.springframework.test.context.web.ServletTestExecutionListener, org.springframework.test.context.support.DirtiesContextBeforeModesTestExecutionListener, org.springframework.test.context.support.DependencyInjectionTestExecutionListener, org.springframework.test.context.support.DirtiesContextTestExecutionListener, org.springframework.test.context.transaction.TransactionalTestExecutionListener, org.springframework.test.context.jdbc.SqlScriptsTestExecutionListener]
13:45:21.681 [Test worker] INFO org.springframework.boot.test.context.SpringBootTestContextBootstrapper - Using TestExecutionListeners: [org.springframework.test.context.web.ServletTestExecutionListener@40c9572, org.springframework.test.context.support.DirtiesContextBeforeModesTestExecutionListener@3128671, org.springframework.boot.test.mock.mockito.MockitoTestExecutionListener@2d7b8630, org.springframework.boot.test.autoconfigure.SpringBootDependencyInjectionTestExecutionListener@5b2dc713, org.springframework.test.context.support.DirtiesContextTestExecutionListener@3bea6e01, org.springframework.test.context.transaction.TransactionalTestExecutionListener@2cdc4603, org.springframework.test.context.jdbc.SqlScriptsTestExecutionListener@5d670fae, org.springframework.boot.test.autoconfigure.restdocs.RestDocsTestExecutionListener@68475e4e, org.springframework.boot.test.autoconfigure.web.client.MockRestServiceServerResetTestExecutionListener@b5bf21, org.springframework.boot.test.autoconfigure.web.servlet.MockMvcPrintOnlyOnFailureTestExecutionListener@4e971d6a, org.springframework.boot.test.autoconfigure.web.servlet.WebDriverTestExecutionListener@2b687169, org.springframework.boot.test.mock.mockito.ResetMocksTestExecutionListener@790fff64]
13:45:21.684 [Test worker] DEBUG org.springframework.test.annotation.ProfileValueUtils - Retrieved @ProfileValueSourceConfiguration [null] for test class [com.jusung.book.springboot.web.IndexControllerTest]
13:45:21.685 [Test worker] DEBUG org.springframework.test.annotation.ProfileValueUtils - Retrieved ProfileValueSource type [class org.springframework.test.annotation.SystemProfileValueSource] for class [com.jusung.book.springboot.web.IndexControllerTest]
13:45:21.688 [Test worker] DEBUG org.springframework.test.annotation.ProfileValueUtils - Retrieved @ProfileValueSourceConfiguration [null] for test class [com.jusung.book.springboot.web.IndexControllerTest]
13:45:21.688 [Test worker] DEBUG org.springframework.test.annotation.ProfileValueUtils - Retrieved ProfileValueSource type [class org.springframework.test.annotation.SystemProfileValueSource] for class [com.jusung.book.springboot.web.IndexControllerTest]
13:45:21.689 [Test worker] DEBUG org.springframework.test.annotation.ProfileValueUtils - Retrieved @ProfileValueSourceConfiguration [null] for test class [com.jusung.book.springboot.web.IndexControllerTest]
13:45:21.689 [Test worker] DEBUG org.springframework.test.annotation.ProfileValueUtils - Retrieved ProfileValueSource type [class org.springframework.test.annotation.SystemProfileValueSource] for class [com.jusung.book.springboot.web.IndexControllerTest]
13:45:21.692 [Test worker] DEBUG org.springframework.test.context.support.AbstractDirtiesContextTestExecutionListener - Before test class: context [DefaultTestContext@3a620c17 testClass = IndexControllerTest, testInstance = [null], testMethod = [null], testException = [null], mergedContextConfiguration = [WebMergedContextConfiguration@7519b8c1 testClass = IndexControllerTest, locations = '{}', classes = '{class com.jusung.book.springboot.Application}', contextInitializerClasses = '[]', activeProfiles = '{}', propertySourceLocations = '{}', propertySourceProperties = '{org.springframework.boot.test.context.SpringBootTestContextBootstrapper=true, server.port=0}', contextCustomizers = set[org.springframework.boot.test.autoconfigure.properties.PropertyMappingContextCustomizer@0, org.springframework.boot.test.autoconfigure.web.servlet.WebDriverContextCustomizerFactory$Customizer@7940c431, org.springframework.boot.test.context.filter.ExcludeFilterContextCustomizer@18037158, org.springframework.boot.test.json.DuplicateJsonObjectContextCustomizerFactory$DuplicateJsonObjectContextCustomizer@3521d80d, org.springframework.boot.test.mock.mockito.MockitoContextCustomizer@0, org.springframework.boot.test.web.client.TestRestTemplateContextCustomizer@7a01a777], resourceBasePath = 'src/main/webapp', contextLoader = 'org.springframework.boot.test.context.SpringBootContextLoader', parent = [null]], attributes = map['org.springframework.test.context.web.ServletTestExecutionListener.activateListener' -> false]], class annotated with @DirtiesContext [false] with mode [null].
13:45:21.693 [Test worker] DEBUG org.springframework.test.annotation.ProfileValueUtils - Retrieved @ProfileValueSourceConfiguration [null] for test class [com.jusung.book.springboot.web.IndexControllerTest]
13:45:21.693 [Test worker] DEBUG org.springframework.test.annotation.ProfileValueUtils - Retrieved ProfileValueSource type [class org.springframework.test.annotation.SystemProfileValueSource] for class [com.jusung.book.springboot.web.IndexControllerTest]
13:45:21.700 [Test worker] DEBUG org.springframework.test.context.support.DependencyInjectionTestExecutionListener - Performing dependency injection for test context [[DefaultTestContext@3a620c17 testClass = IndexControllerTest, testInstance = com.jusung.book.springboot.web.IndexControllerTest@4355466b, testMethod = [null], testException = [null], mergedContextConfiguration = [WebMergedContextConfiguration@7519b8c1 testClass = IndexControllerTest, locations = '{}', classes = '{class com.jusung.book.springboot.Application}', contextInitializerClasses = '[]', activeProfiles = '{}', propertySourceLocations = '{}', propertySourceProperties = '{org.springframework.boot.test.context.SpringBootTestContextBootstrapper=true, server.port=0}', contextCustomizers = set[org.springframework.boot.test.autoconfigure.properties.PropertyMappingContextCustomizer@0, org.springframework.boot.test.autoconfigure.web.servlet.WebDriverContextCustomizerFactory$Customizer@7940c431, org.springframework.boot.test.context.filter.ExcludeFilterContextCustomizer@18037158, org.springframework.boot.test.json.DuplicateJsonObjectContextCustomizerFactory$DuplicateJsonObjectContextCustomizer@3521d80d, org.springframework.boot.test.mock.mockito.MockitoContextCustomizer@0, org.springframework.boot.test.web.client.TestRestTemplateContextCustomizer@7a01a777], resourceBasePath = 'src/main/webapp', contextLoader = 'org.springframework.boot.test.context.SpringBootContextLoader', parent = [null]], attributes = map['org.springframework.test.context.web.ServletTestExecutionListener.activateListener' -> false]]].
13:45:21.765 [Test worker] DEBUG org.springframework.test.context.support.TestPropertySourceUtils - Adding inlined properties to environment: {spring.jmx.enabled=false, org.springframework.boot.test.context.SpringBootTestContextBootstrapper=true, server.port=0}

  .   ____          _            __ _ _
 /\\ / ___'_ __ _ _(_)_ __  __ _ \ \ \ \
( ( )\___ | '_ | '_| | '_ \/ _` | \ \ \ \
 \\/  ___)| |_)| | | | | || (_| |  ) ) ) )
  '  |____| .__|_| |_|_| |_\__, | / / / /
 =========|_|==============|___/=/_/_/_/
 :: Spring Boot ::        (v2.1.7.RELEASE)

2022-03-18 13:45:22.082  INFO 93103 --- [    Test worker] c.j.b.s.web.IndexControllerTest          : Starting IndexControllerTest on gimjuseong-ui-MacBookAir.local with PID 93103 (started by kjs in /Users/kjs/Desktop/springboot-webservice)
2022-03-18 13:45:22.085  INFO 93103 --- [    Test worker] c.j.b.s.web.IndexControllerTest          : No active profile set, falling back to default profiles: default
2022-03-18 13:45:23.649  INFO 93103 --- [    Test worker] .s.d.r.c.RepositoryConfigurationDelegate : Bootstrapping Spring Data repositories in DEFAULT mode.
2022-03-18 13:45:23.776  INFO 93103 --- [    Test worker] .s.d.r.c.RepositoryConfigurationDelegate : Finished Spring Data repository scanning in 100ms. Found 1 repository interfaces.
2022-03-18 13:45:24.457  INFO 93103 --- [    Test worker] trationDelegate$BeanPostProcessorChecker : Bean 'org.springframework.transaction.annotation.ProxyTransactionManagementConfiguration' of type [org.springframework.transaction.annotation.ProxyTransactionManagementConfiguration$$EnhancerBySpringCGLIB$$571c8745] is not eligible for getting processed by all BeanPostProcessors (for example: not eligible for auto-proxying)
2022-03-18 13:45:25.270  INFO 93103 --- [    Test worker] o.s.b.w.embedded.tomcat.TomcatWebServer  : Tomcat initialized with port(s): 0 (http)
2022-03-18 13:45:25.315  INFO 93103 --- [    Test worker] o.apache.catalina.core.StandardService   : Starting service [Tomcat]
2022-03-18 13:45:25.315  INFO 93103 --- [    Test worker] org.apache.catalina.core.StandardEngine  : Starting Servlet engine: [Apache Tomcat/9.0.22]
2022-03-18 13:45:25.436  INFO 93103 --- [    Test worker] o.a.c.c.C.[Tomcat].[localhost].[/]       : Initializing Spring embedded WebApplicationContext
2022-03-18 13:45:25.436  INFO 93103 --- [    Test worker] o.s.web.context.ContextLoader            : Root WebApplicationContext: initialization completed in 3312 ms
2022-03-18 13:45:25.997  INFO 93103 --- [    Test worker] com.zaxxer.hikari.HikariDataSource       : HikariPool-1 - Starting...
2022-03-18 13:45:26.181  INFO 93103 --- [    Test worker] com.zaxxer.hikari.HikariDataSource       : HikariPool-1 - Start completed.
2022-03-18 13:45:26.426  INFO 93103 --- [    Test worker] o.hibernate.jpa.internal.util.LogHelper  : HHH000204: Processing PersistenceUnitInfo [
	name: default
	...]
2022-03-18 13:45:26.502  INFO 93103 --- [    Test worker] org.hibernate.Version                    : HHH000412: Hibernate Core {5.3.10.Final}
2022-03-18 13:45:26.507  INFO 93103 --- [    Test worker] org.hibernate.cfg.Environment            : HHH000206: hibernate.properties not found
2022-03-18 13:45:26.655  INFO 93103 --- [    Test worker] o.hibernate.annotations.common.Version   : HCANN000001: Hibernate Commons Annotations {5.0.4.Final}
2022-03-18 13:45:26.793  INFO 93103 --- [    Test worker] org.hibernate.dialect.Dialect            : HHH000400: Using dialect: org.hibernate.dialect.MySQL5InnoDBDialect
Hibernate: drop table if exists posts
Hibernate: create table posts (id bigint not null auto_increment, created_date datetime, modified_date datetime, author varchar(255), content TEXT not null, title varchar(500) not null, primary key (id)) engine=InnoDB
2022-03-18 13:45:27.442  INFO 93103 --- [    Test worker] o.h.t.schema.internal.SchemaCreatorImpl  : HHH000476: Executing import script 'org.hibernate.tool.schema.internal.exec.ScriptSourceInputNonExistentImpl@48eaf0fa'
2022-03-18 13:45:27.448  INFO 93103 --- [    Test worker] j.LocalContainerEntityManagerFactoryBean : Initialized JPA EntityManagerFactory for persistence unit 'default'
2022-03-18 13:45:28.909  INFO 93103 --- [    Test worker] o.s.s.concurrent.ThreadPoolTaskExecutor  : Initializing ExecutorService 'applicationTaskExecutor'
2022-03-18 13:45:29.038  WARN 93103 --- [    Test worker] aWebConfiguration$JpaWebMvcConfiguration : spring.jpa.open-in-view is enabled by default. Therefore, database queries may be performed during view rendering. Explicitly configure spring.jpa.open-in-view to disable this warning
2022-03-18 13:45:29.180  INFO 93103 --- [    Test worker] o.s.b.a.w.s.WelcomePageHandlerMapping    : Adding welcome page template: index
2022-03-18 13:45:29.713  INFO 93103 --- [    Test worker] o.s.b.w.embedded.tomcat.TomcatWebServer  : Tomcat started on port(s): 55123 (http) with context path ''
2022-03-18 13:45:29.718  INFO 93103 --- [    Test worker] c.j.b.s.web.IndexControllerTest          : Started IndexControllerTest in 7.949 seconds (JVM running for 9.21)
2022-03-18 13:45:29.924  INFO 93103 --- [o-auto-1-exec-1] o.a.c.c.C.[Tomcat].[localhost].[/]       : Initializing Spring DispatcherServlet 'dispatcherServlet'
2022-03-18 13:45:29.927  INFO 93103 --- [o-auto-1-exec-1] o.s.web.servlet.DispatcherServlet        : Initializing Servlet 'dispatcherServlet'
2022-03-18 13:45:29.998  INFO 93103 --- [o-auto-1-exec-1] o.s.web.servlet.DispatcherServlet        : Completed initialization in 71 ms
]]></system-out>
  <system-err><![CDATA[]]></system-err>
</testsuite>
