<?xml version="1.0" encoding="UTF-8"?>
<testsuite name="com.jusung.book.springboot.web.dto.HelloResponseDtoTest" tests="1" skipped="0" failures="0" errors="0" timestamp="2022-03-21T15:15:01" hostname="gimjuseong-ui-MacBookAir.local" time="0.048">
  <properties/>
  <testcase name="롬복_기능_테스트" classname="com.jusung.book.springboot.web.dto.HelloResponseDtoTest" time="0.048"/>
  <system-out><![CDATA[]]></system-out>
  <system-err><![CDATA[]]></system-err>
</testsuite>
