<?xml version="1.0" encoding="UTF-8"?>
<testsuite name="com.jusung.book.springboot.web.IndexControllerTest" tests="1" skipped="0" failures="0" errors="0" timestamp="2022-03-21T15:15:13" hostname="gimjuseong-ui-MacBookAir.local" time="0.461">
  <properties/>
  <testcase name="메인페이지_로딩" classname="com.jusung.book.springboot.web.IndexControllerTest" time="0.461"/>
  <system-out><![CDATA[2022-03-22 00:15:05.734  INFO 2948 --- [    Test worker] .b.t.c.SpringBootTestContextBootstrapper : Neither @ContextConfiguration nor @ContextHierarchy found for test class [com.jusung.book.springboot.web.IndexControllerTest], using SpringBootContextLoader
2022-03-22 00:15:05.736  INFO 2948 --- [    Test worker] o.s.t.c.support.AbstractContextLoader    : Could not detect default resource locations for test class [com.jusung.book.springboot.web.IndexControllerTest]: no resource found for suffixes {-context.xml, Context.groovy}.
2022-03-22 00:15:05.736  INFO 2948 --- [    Test worker] t.c.s.AnnotationConfigContextLoaderUtils : Could not detect default configuration classes for test class [com.jusung.book.springboot.web.IndexControllerTest]: IndexControllerTest does not declare any static, non-private, non-final, nested classes annotated with @Configuration.
2022-03-22 00:15:05.741  INFO 2948 --- [    Test worker] .b.t.c.SpringBootTestContextBootstrapper : Found @SpringBootConfiguration com.jusung.book.springboot.Application for test class com.jusung.book.springboot.web.IndexControllerTest
2022-03-22 00:15:05.745  INFO 2948 --- [    Test worker] .b.t.c.SpringBootTestContextBootstrapper : Loaded default TestExecutionListener class names from location [META-INF/spring.factories]: [org.springframework.security.test.context.support.WithSecurityContextTestExecutionListener, org.springframework.security.test.context.support.ReactorContextTestExecutionListener, org.springframework.boot.test.autoconfigure.restdocs.RestDocsTestExecutionListener, org.springframework.boot.test.autoconfigure.web.client.MockRestServiceServerResetTestExecutionListener, org.springframework.boot.test.autoconfigure.web.servlet.MockMvcPrintOnlyOnFailureTestExecutionListener, org.springframework.boot.test.autoconfigure.web.servlet.WebDriverTestExecutionListener, org.springframework.boot.test.mock.mockito.MockitoTestExecutionListener, org.springframework.boot.test.mock.mockito.ResetMocksTestExecutionListener, org.springframework.test.context.web.ServletTestExecutionListener, org.springframework.test.context.support.DirtiesContextBeforeModesTestExecutionListener, org.springframework.test.context.support.DependencyInjectionTestExecutionListener, org.springframework.test.context.support.DirtiesContextTestExecutionListener, org.springframework.test.context.transaction.TransactionalTestExecutionListener, org.springframework.test.context.jdbc.SqlScriptsTestExecutionListener]
2022-03-22 00:15:05.746  INFO 2948 --- [    Test worker] .b.t.c.SpringBootTestContextBootstrapper : Using TestExecutionListeners: [org.springframework.test.context.web.ServletTestExecutionListener@549ce2a3, org.springframework.test.context.support.DirtiesContextBeforeModesTestExecutionListener@2e34abad, org.springframework.boot.test.mock.mockito.MockitoTestExecutionListener@148395fd, org.springframework.boot.test.autoconfigure.SpringBootDependencyInjectionTestExecutionListener@1330a5d9, org.springframework.test.context.support.DirtiesContextTestExecutionListener@208ad4e6, org.springframework.test.context.transaction.TransactionalTestExecutionListener@2b687a99, org.springframework.test.context.jdbc.SqlScriptsTestExecutionListener@234c3e74, org.springframework.security.test.context.support.WithSecurityContextTestExecutionListener@35c459a9, org.springframework.security.test.context.support.ReactorContextTestExecutionListener@439f9613, org.springframework.boot.test.autoconfigure.restdocs.RestDocsTestExecutionListener@2bcb904b, org.springframework.boot.test.autoconfigure.web.client.MockRestServiceServerResetTestExecutionListener@69b6a4d8, org.springframework.boot.test.autoconfigure.web.servlet.MockMvcPrintOnlyOnFailureTestExecutionListener@7ea8b156, org.springframework.boot.test.autoconfigure.web.servlet.WebDriverTestExecutionListener@41389f9e, org.springframework.boot.test.mock.mockito.ResetMocksTestExecutionListener@3686063a]

  .   ____          _            __ _ _
 /\\ / ___'_ __ _ _(_)_ __  __ _ \ \ \ \
( ( )\___ | '_ | '_| | '_ \/ _` | \ \ \ \
 \\/  ___)| |_)| | | | | || (_| |  ) ) ) )
  '  |____| .__|_| |_|_| |_\__, | / / / /
 =========|_|==============|___/=/_/_/_/
 :: Spring Boot ::        (v2.1.7.RELEASE)

2022-03-22 00:15:05.793  INFO 2948 --- [    Test worker] c.j.b.s.web.IndexControllerTest          : Starting IndexControllerTest on gimjuseong-ui-MacBookAir.local with PID 2948 (started by kjs in /Users/kjs/Desktop/springboot-webservice)
2022-03-22 00:15:05.794  INFO 2948 --- [    Test worker] c.j.b.s.web.IndexControllerTest          : No active profile set, falling back to default profiles: default
2022-03-22 00:15:06.558  INFO 2948 --- [    Test worker] .s.d.r.c.RepositoryConfigurationDelegate : Bootstrapping Spring Data repositories in DEFAULT mode.
2022-03-22 00:15:06.777  INFO 2948 --- [    Test worker] .s.d.r.c.RepositoryConfigurationDelegate : Finished Spring Data repository scanning in 210ms. Found 2 repository interfaces.
2022-03-22 00:15:07.430  INFO 2948 --- [    Test worker] trationDelegate$BeanPostProcessorChecker : Bean 'org.springframework.transaction.annotation.ProxyTransactionManagementConfiguration' of type [org.springframework.transaction.annotation.ProxyTransactionManagementConfiguration$$EnhancerBySpringCGLIB$$4f2450ed] is not eligible for getting processed by all BeanPostProcessors (for example: not eligible for auto-proxying)
2022-03-22 00:15:08.109  INFO 2948 --- [    Test worker] o.s.b.w.embedded.tomcat.TomcatWebServer  : Tomcat initialized with port(s): 0 (http)
2022-03-22 00:15:08.150  INFO 2948 --- [    Test worker] o.apache.catalina.core.StandardService   : Starting service [Tomcat]
2022-03-22 00:15:08.151  INFO 2948 --- [    Test worker] org.apache.catalina.core.StandardEngine  : Starting Servlet engine: [Apache Tomcat/9.0.22]
2022-03-22 00:15:08.281  INFO 2948 --- [    Test worker] o.a.c.c.C.[Tomcat].[localhost].[/]       : Initializing Spring embedded WebApplicationContext
2022-03-22 00:15:08.281  INFO 2948 --- [    Test worker] o.s.web.context.ContextLoader            : Root WebApplicationContext: initialization completed in 2483 ms
2022-03-22 00:15:08.697  INFO 2948 --- [    Test worker] com.zaxxer.hikari.HikariDataSource       : HikariPool-1 - Starting...
2022-03-22 00:15:08.896  INFO 2948 --- [    Test worker] com.zaxxer.hikari.HikariDataSource       : HikariPool-1 - Start completed.
2022-03-22 00:15:09.198  INFO 2948 --- [    Test worker] o.hibernate.jpa.internal.util.LogHelper  : HHH000204: Processing PersistenceUnitInfo [
	name: default
	...]
2022-03-22 00:15:09.265  INFO 2948 --- [    Test worker] org.hibernate.Version                    : HHH000412: Hibernate Core {5.3.10.Final}
2022-03-22 00:15:09.268  INFO 2948 --- [    Test worker] org.hibernate.cfg.Environment            : HHH000206: hibernate.properties not found
2022-03-22 00:15:09.420  INFO 2948 --- [    Test worker] o.hibernate.annotations.common.Version   : HCANN000001: Hibernate Commons Annotations {5.0.4.Final}
2022-03-22 00:15:09.550  INFO 2948 --- [    Test worker] org.hibernate.dialect.Dialect            : HHH000400: Using dialect: org.hibernate.dialect.MySQL5InnoDBDialect
Hibernate: drop table if exists posts
Hibernate: drop table if exists user
Hibernate: create table posts (id bigint not null auto_increment, created_date datetime, modified_date datetime, author varchar(255), content TEXT not null, title varchar(500) not null, primary key (id)) engine=InnoDB
Hibernate: create table user (id bigint not null auto_increment, created_date datetime, modified_date datetime, email varchar(255) not null, name varchar(255) not null, picture varchar(255), role varchar(255) not null, primary key (id)) engine=InnoDB
2022-03-22 00:15:10.284  INFO 2948 --- [    Test worker] o.h.t.schema.internal.SchemaCreatorImpl  : HHH000476: Executing import script 'org.hibernate.tool.schema.internal.exec.ScriptSourceInputNonExistentImpl@141a24f7'
2022-03-22 00:15:10.287  INFO 2948 --- [    Test worker] j.LocalContainerEntityManagerFactoryBean : Initialized JPA EntityManagerFactory for persistence unit 'default'
2022-03-22 00:15:11.838  INFO 2948 --- [    Test worker] o.h.h.i.QueryTranslatorFactoryInitiator  : HHH000397: Using ASTQueryTranslatorFactory
2022-03-22 00:15:12.374  INFO 2948 --- [    Test worker] o.s.s.web.DefaultSecurityFilterChain     : Creating filter chain: any request, [org.springframework.security.web.context.request.async.WebAsyncManagerIntegrationFilter@68a2b839, org.springframework.security.web.context.SecurityContextPersistenceFilter@21d7a657, org.springframework.security.web.header.HeaderWriterFilter@4a3ca547, org.springframework.security.web.authentication.logout.LogoutFilter@78302e30, org.springframework.security.oauth2.client.web.OAuth2AuthorizationRequestRedirectFilter@6f1ed814, org.springframework.security.oauth2.client.web.OAuth2LoginAuthenticationFilter@368351e4, org.springframework.security.web.authentication.ui.DefaultLoginPageGeneratingFilter@1950370c, org.springframework.security.web.authentication.ui.DefaultLogoutPageGeneratingFilter@2299c51f, org.springframework.security.web.savedrequest.RequestCacheAwareFilter@5d7f7d2b, org.springframework.security.web.servletapi.SecurityContextHolderAwareRequestFilter@2ce3ff39, org.springframework.security.web.authentication.AnonymousAuthenticationFilter@6e0eff45, org.springframework.security.web.session.SessionManagementFilter@6c148dad, org.springframework.security.web.access.ExceptionTranslationFilter@274c8540, org.springframework.security.web.access.intercept.FilterSecurityInterceptor@112f6841]
2022-03-22 00:15:12.882  INFO 2948 --- [    Test worker] o.s.s.concurrent.ThreadPoolTaskExecutor  : Initializing ExecutorService 'applicationTaskExecutor'
2022-03-22 00:15:12.958  WARN 2948 --- [    Test worker] aWebConfiguration$JpaWebMvcConfiguration : spring.jpa.open-in-view is enabled by default. Therefore, database queries may be performed during view rendering. Explicitly configure spring.jpa.open-in-view to disable this warning
2022-03-22 00:15:13.148  INFO 2948 --- [    Test worker] o.s.b.a.w.s.WelcomePageHandlerMapping    : Adding welcome page template: index
2022-03-22 00:15:13.842  INFO 2948 --- [    Test worker] s.a.ScheduledAnnotationBeanPostProcessor : No TaskScheduler/ScheduledExecutorService bean found for scheduled processing
2022-03-22 00:15:13.916  INFO 2948 --- [    Test worker] o.s.b.w.embedded.tomcat.TomcatWebServer  : Tomcat started on port(s): 49464 (http) with context path ''
2022-03-22 00:15:13.929  INFO 2948 --- [    Test worker] c.j.b.s.web.IndexControllerTest          : Started IndexControllerTest in 8.176 seconds (JVM running for 12.955)
2022-03-22 00:15:14.162  INFO 2948 --- [o-auto-1-exec-1] o.a.c.c.C.[Tomcat].[localhost].[/]       : Initializing Spring DispatcherServlet 'dispatcherServlet'
2022-03-22 00:15:14.164  INFO 2948 --- [o-auto-1-exec-1] o.s.web.servlet.DispatcherServlet        : Initializing Servlet 'dispatcherServlet'
2022-03-22 00:15:14.221  INFO 2948 --- [o-auto-1-exec-1] o.s.web.servlet.DispatcherServlet        : Completed initialization in 57 ms
Hibernate: select posts0_.id as id1_0_, posts0_.created_date as created_2_0_, posts0_.modified_date as modified3_0_, posts0_.author as author4_0_, posts0_.content as content5_0_, posts0_.title as title6_0_ from posts posts0_ order by posts0_.id DESC
]]></system-out>
  <system-err><![CDATA[]]></system-err>
</testsuite>
